c:\users\skdfw\onedrive\바탕 화면\git\2d_gameproject\client\debug\client.pch
c:\users\skdfw\onedrive\바탕 화면\git\2d_gameproject\client\debug\vc143.pdb
c:\users\skdfw\onedrive\바탕 화면\git\2d_gameproject\client\debug\vc143.idb
c:\users\skdfw\onedrive\바탕 화면\git\2d_gameproject\client\debug\pch.obj
c:\users\skdfw\onedrive\바탕 화면\git\2d_gameproject\client\debug\main.obj
c:\users\skdfw\onedrive\바탕 화면\git\2d_gameproject\client\debug\ctimemgr.obj
c:\users\skdfw\onedrive\바탕 화면\git\2d_gameproject\client\debug\cscene_tool.obj
c:\users\skdfw\onedrive\바탕 화면\git\2d_gameproject\client\debug\cscene_start.obj
c:\users\skdfw\onedrive\바탕 화면\git\2d_gameproject\client\debug\cscenemgr.obj
c:\users\skdfw\onedrive\바탕 화면\git\2d_gameproject\client\debug\cscene.obj
c:\users\skdfw\onedrive\바탕 화면\git\2d_gameproject\client\debug\cobject.obj
c:\users\skdfw\onedrive\바탕 화면\git\2d_gameproject\client\debug\ccore.obj
c:\users\skdfw\onedrive\바탕 화면\git\2d_gameproject\client\debug\client.ilk
c:\users\skdfw\onedrive\바탕 화면\git\2d_gameproject\outputdebug\client.exe
c:\users\skdfw\onedrive\바탕 화면\git\2d_gameproject\outputdebug\client.pdb
c:\users\skdfw\onedrive\바탕 화면\git\2d_gameproject\client\debug\client.res
c:\users\skdfw\onedrive\바탕 화면\git\2d_gameproject\client\debug\vc142.idb
c:\users\skdfw\onedrive\바탕 화면\git\2d_gameproject\client\debug\vc142.pdb
c:\users\skdfw\onedrive\바탕 화면\git\2d_gameproject\\outputdebug\client.pdb
c:\users\skdfw\onedrive\바탕 화면\git\2d_gameproject\client\debug\client.tlog\cl.command.1.tlog
c:\users\skdfw\onedrive\바탕 화면\git\2d_gameproject\client\debug\client.tlog\cl.read.1.tlog
c:\users\skdfw\onedrive\바탕 화면\git\2d_gameproject\client\debug\client.tlog\cl.write.1.tlog
c:\users\skdfw\onedrive\바탕 화면\git\2d_gameproject\client\debug\client.tlog\link.command.1.tlog
c:\users\skdfw\onedrive\바탕 화면\git\2d_gameproject\client\debug\client.tlog\link.read.1.tlog
c:\users\skdfw\onedrive\바탕 화면\git\2d_gameproject\client\debug\client.tlog\link.write.1.tlog
c:\users\skdfw\onedrive\바탕 화면\git\2d_gameproject\client\debug\client.tlog\rc.command.1.tlog
c:\users\skdfw\onedrive\바탕 화면\git\2d_gameproject\client\debug\client.tlog\rc.read.1.tlog
c:\users\skdfw\onedrive\바탕 화면\git\2d_gameproject\client\debug\client.tlog\rc.write.1.tlog
